<?xml version="1.0" encoding="UTF-8"?>
<testng-results ignored="0" total="3" passed="3" failed="0" skipped="0">
  <reporter-output>
  </reporter-output>
  <suite started-at="2024-10-14T16:11:37 EEST" name="Suite" finished-at="2024-10-14T16:12:00 EEST" duration-ms="22342">
    <groups>
    </groups>
    <test started-at="2024-10-14T16:11:37 EEST" name="Login-HappyTests" finished-at="2024-10-14T16:11:48 EEST" duration-ms="11072">
      <class name="Seleinum_WebDriver.Automation_framework_monofia.LoginTest_HappyScenario">
        <test-method is-config="true" signature="openBrowser()[pri:0, instance:Seleinum_WebDriver.Automation_framework_monofia.LoginTest_HappyScenario@5be1d0a4]" started-at="2024-10-14T16:11:37 EEST" name="openBrowser" finished-at="2024-10-14T16:11:45 EEST" duration-ms="7222" status="PASS">
          <reporter-output>
          </reporter-output>
        </test-method> <!-- openBrowser -->
        <test-method signature="testLogin_CorrectUsernameAndPassword()[pri:1, instance:Seleinum_WebDriver.Automation_framework_monofia.LoginTest_HappyScenario@5be1d0a4]" started-at="2024-10-14T16:11:45 EEST" name="testLogin_CorrectUsernameAndPassword" finished-at="2024-10-14T16:11:48 EEST" duration-ms="3696" status="PASS">
          <reporter-output>
          </reporter-output>
        </test-method> <!-- testLogin_CorrectUsernameAndPassword -->
        <test-method is-config="true" signature="closeBrowser()[pri:0, instance:Seleinum_WebDriver.Automation_framework_monofia.LoginTest_HappyScenario@5be1d0a4]" started-at="2024-10-14T16:11:48 EEST" name="closeBrowser" finished-at="2024-10-14T16:11:48 EEST" duration-ms="120" status="PASS">
          <reporter-output>
          </reporter-output>
        </test-method> <!-- closeBrowser -->
      </class> <!-- Seleinum_WebDriver.Automation_framework_monofia.LoginTest_HappyScenario -->
    </test> <!-- Login-HappyTests -->
    <test started-at="2024-10-14T16:11:49 EEST" name="Login-NegativeTests" finished-at="2024-10-14T16:12:00 EEST" duration-ms="11208">
      <class name="Seleinum_WebDriver.Automation_framework_monofia.LoginTest_NegativeScenario">
        <test-method is-config="true" signature="openBrowser()[pri:0, instance:Seleinum_WebDriver.Automation_framework_monofia.LoginTest_NegativeScenario@376a0d86]" started-at="2024-10-14T16:11:49 EEST" name="openBrowser" finished-at="2024-10-14T16:11:52 EEST" duration-ms="3529" status="PASS">
          <reporter-output>
          </reporter-output>
        </test-method> <!-- openBrowser -->
        <test-method signature="testLogin_CorrectUsernameWithNotCorrectPassword()[pri:2, instance:Seleinum_WebDriver.Automation_framework_monofia.LoginTest_NegativeScenario@376a0d86]" started-at="2024-10-14T16:11:52 EEST" name="testLogin_CorrectUsernameWithNotCorrectPassword" finished-at="2024-10-14T16:11:56 EEST" duration-ms="3903" status="PASS">
          <reporter-output>
          </reporter-output>
        </test-method> <!-- testLogin_CorrectUsernameWithNotCorrectPassword -->
        <test-method signature="testLogin_notCorrectUsernameWithCorrectPassword()[pri:3, instance:Seleinum_WebDriver.Automation_framework_monofia.LoginTest_NegativeScenario@376a0d86]" started-at="2024-10-14T16:11:56 EEST" name="testLogin_notCorrectUsernameWithCorrectPassword" finished-at="2024-10-14T16:12:00 EEST" duration-ms="3682" status="PASS">
          <reporter-output>
          </reporter-output>
        </test-method> <!-- testLogin_notCorrectUsernameWithCorrectPassword -->
        <test-method is-config="true" signature="closeBrowser()[pri:0, instance:Seleinum_WebDriver.Automation_framework_monofia.LoginTest_NegativeScenario@376a0d86]" started-at="2024-10-14T16:12:00 EEST" name="closeBrowser" finished-at="2024-10-14T16:12:00 EEST" duration-ms="89" status="PASS">
          <reporter-output>
          </reporter-output>
        </test-method> <!-- closeBrowser -->
      </class> <!-- Seleinum_WebDriver.Automation_framework_monofia.LoginTest_NegativeScenario -->
    </test> <!-- Login-NegativeTests -->
  </suite> <!-- Suite -->
</testng-results>
