<?xml version="1.0" encoding="UTF-8"?>
<!-- Generated by org.testng.reporters.JUnitXMLReporter -->
<testsuite ignored="0" hostname="Rofyda" failures="0" tests="2" name="Login-NegativeTests" time="11.208" errors="0" timestamp="2024-10-14T16:12:00 EEST">
  <testcase classname="Seleinum_WebDriver.Automation_framework_monofia.LoginTest_NegativeScenario" name="testLogin_CorrectUsernameWithNotCorrectPassword" time="3.903"/>
  <testcase classname="Seleinum_WebDriver.Automation_framework_monofia.LoginTest_NegativeScenario" name="testLogin_notCorrectUsernameWithCorrectPassword" time="3.682"/>
</testsuite> <!-- Login-NegativeTests -->
