<?xml version="1.0" encoding="UTF-8"?>
<!-- Generated by org.testng.reporters.JUnitXMLReporter -->
<testsuite ignored="0" hostname="Rofyda" failures="0" tests="3" name="Test" time="23.339" errors="0" timestamp="2024-10-10T15:05:51 EEST">
  <testcase classname="Seleinum_WebDriver.Automation_framework_monofia.LoginTest_HappyScenario" name="testLogin_CorrectUsernameAndPassword" time="3.925"/>
  <testcase classname="Seleinum_WebDriver.Automation_framework_monofia.LoginTest_NegativeScenario" name="testLogin_CorrectUsernameWithNotCorrectPassword" time="4.012"/>
  <testcase classname="Seleinum_WebDriver.Automation_framework_monofia.LoginTest_NegativeScenario" name="testLogin_notCorrectUsernameWithCorrectPassword" time="4.199"/>
</testsuite> <!-- Test -->
