<?xml version="1.0" encoding="UTF-8"?>
<!-- Generated by org.testng.reporters.JUnitXMLReporter -->
<testsuite ignored="0" hostname="Rofyda" failures="0" tests="3" name="Default test" time="22.566" errors="0" timestamp="2024-10-09T16:59:01 EEST">
  <testcase classname="Seleinum_WebDriver.Automation_framework_monofia.TestNGClass" name="testLogin_CorrectUsernameAndPassword" time="3.637"/>
  <testcase classname="Seleinum_WebDriver.Automation_framework_monofia.TestNGClass" name="testLogin_CorrectUsernameWithNotCorrectPassword" time="3.618"/>
  <testcase classname="Seleinum_WebDriver.Automation_framework_monofia.TestNGClass" name="testLogin_notCorrectUsernameWithCorrectPassword" time="3.633"/>
</testsuite> <!-- Default test -->
